<?xml version="1.0" encoding="UTF-8"?>
<testng-results total="1" passed="1" failed="0" skipped="0">
  <reporter-output>
  </reporter-output>
  <suite started-at="2019-08-07T19:40:47Z" name="Suite" finished-at="2019-08-07T19:40:55Z" duration-ms="7516">
    <groups>
    </groups>
    <test started-at="2019-08-07T19:40:47Z" name="Test" finished-at="2019-08-07T19:40:55Z" duration-ms="7516">
      <class name="pkg.temp.letsplay.DummyOneT">
        <test-method signature="test1(java.lang.String, java.lang.String)[pri:0, instance:pkg.temp.letsplay.DummyOneT@23282c25]" started-at="2019-08-08T01:10:47Z" name="test1" finished-at="2019-08-08T01:10:55Z" duration-ms="7485" status="PASS">
          <params>
            <param index="0">
              <value>
                <![CDATA[Chrome]]>
              </value>
            </param>
            <param index="1">
              <value>
                <![CDATA[https://www.google.com]]>
              </value>
            </param>
          </params>
          <reporter-output>
          </reporter-output>
        </test-method> <!-- test1 -->
      </class> <!-- pkg.temp.letsplay.DummyOneT -->
    </test> <!-- Test -->
  </suite> <!-- Suite -->
</testng-results>
